#
# There is insufficient memory for the Java Runtime Environment to continue.
# Native memory allocation (mmap) failed to map 268435456 bytes. Error detail: G1 virtual space
# Possible reasons:
#   The system is out of physical RAM or swap space
#   This process is running with CompressedOops enabled, and the Java Heap may be blocking the growth of the native heap
# Possible solutions:
#   Reduce memory load on the system
#   Increase physical memory or swap space
#   Check if swap backing store is full
#   Decrease Java heap size (-Xmx/-Xms)
#   Decrease number of Java threads
#   Decrease Java thread stack sizes (-Xss)
#   Set larger code cache with -XX:ReservedCodeCacheSize=
#   JVM is running with Zero Based Compressed Oops mode in which the Java heap is
#     placed in the first 32GB address space. The Java Heap base address is the
#     maximum limit for the native heap growth. Please use -XX:HeapBaseMinAddress
#     to set the Java Heap base and to place the Java Heap above 32GB virtual address.
# This output file may be truncated or incomplete.
#
#  Out of Memory Error (os_windows.cpp:3631), pid=9420, tid=8440
#
# JRE version:  (22.0.2+9) (build )
# Java VM: Java HotSpot(TM) 64-Bit Server VM (22.0.2+9-70, mixed mode, sharing, tiered, compressed oops, compressed class ptrs, g1 gc, windows-amd64)
# No core dump will be written. Minidumps are not enabled by default on client versions of Windows
#

---------------  S U M M A R Y ------------

Command Line: 

Host: Intel(R) Core(TM) i7-7500U CPU @ 2.70GHz, 4 cores, 15G,  Windows 10 , 64 bit Build 19041 (10.0.19041.4842)
Time: Sun Nov 17 14:17:28 2024 Hora oficial do Brasil elapsed time: 0.086269 seconds (0d 0h 0m 0s)

---------------  T H R E A D  ---------------

Current thread (0x00000257179fdd90):  JavaThread "Unknown thread" [_thread_in_vm, id=8440, stack(0x00000059d7b00000,0x00000059d7c00000) (1024K)]

Stack: [0x00000059d7b00000,0x00000059d7c00000]
Native frames: (J=compiled Java code, j=interpreted, Vv=VM code, C=native code)
V  [jvm.dll+0x6e26e9]  (no source info available)
V  [jvm.dll+0x875753]  (no source info available)
V  [jvm.dll+0x877b7e]  (no source info available)
V  [jvm.dll+0x878253]  (no source info available)
V  [jvm.dll+0x27fc86]  (no source info available)
V  [jvm.dll+0x6ded85]  (no source info available)
V  [jvm.dll+0x6d388a]  (no source info available)
V  [jvm.dll+0x358b8a]  (no source info available)
V  [jvm.dll+0x3610b6]  (no source info available)
V  [jvm.dll+0x3b419e]  (no source info available)
V  [jvm.dll+0x3b4448]  (no source info available)
V  [jvm.dll+0x32c5ec]  (no source info available)
V  [jvm.dll+0x32d258]  (no source info available)
V  [jvm.dll+0x83d5ac]  (no source info available)
V  [jvm.dll+0x3c10d1]  (no source info available)
V  [jvm.dll+0x8264cc]  (no source info available)
V  [jvm.dll+0x45bd5e]  (no source info available)
V  [jvm.dll+0x45dbe1]  (no source info available)
C  [jli.dll+0x52a3]  (no source info available)
C  [ucrtbase.dll+0x21bb2]  (no source info available)
C  [KERNEL32.DLL+0x17374]  (no source info available)
C  [ntdll.dll+0x4cc91]  (no source info available)


---------------  P R O C E S S  ---------------

Threads class SMR info:
_java_thread_list=0x00007ffbc362c1c8, length=0, elements={
}

Java Threads: ( => current thread )
Total: 0

Other Threads:
  0x0000025719ca66a0 WorkerThread "GC Thread#0"                     [id=248, stack(0x00000059d7c00000,0x00000059d7d00000) (1024K)]
  0x0000025719cb7e70 ConcurrentGCThread "G1 Main Marker"            [id=9348, stack(0x00000059d7d00000,0x00000059d7e00000) (1024K)]
  0x0000025719cb8980 WorkerThread "G1 Conc#0"                       [id=7948, stack(0x00000059d7e00000,0x00000059d7f00000) (1024K)]

[error occurred during error reporting (printing all threads), id 0xc0000005, EXCEPTION_ACCESS_VIOLATION (0xc0000005) at pc=0x00007ffbc2d7f517]
VM state: not at safepoint (not fully initialized)

VM Mutex/Monitor currently owned by a thread:  ([mutex/lock_event])
[0x00007ffbc36acc80] Heap_lock - owner thread: 0x00000257179fdd90

Heap address: 0x0000000701600000, size: 4074 MB, Compressed Oops mode: Zero based, Oop shift amount: 3

CDS archive(s) mapped at: [0x0000000000000000-0x0000000000000000-0x0000000000000000), size 0, SharedBaseAddress: 0x0000000800000000, ArchiveRelocationMode: 1.
Narrow klass base: 0x0000000000000000, Narrow klass shift: 0, Narrow klass range: 0x0

GC Precious Log:
 CardTable entry size: 512
 Card Set container configuration: InlinePtr #cards 4 size 8 Array Of Cards #cards 16 size 48 Howl #buckets 8 coarsen threshold 3686 Howl Bitmap #cards 512 size 80 coarsen threshold 460 Card regions per heap region 1 cards per card region 4096

Heap:
 garbage-first heap   total reserved 4171776K, committed 0K, used 0K [0x0000000701600000, 0x0000000800000000)
  region size 2048K, 0 young (0K), 0 survivors (0K)

[error occurred during error reporting (printing heap information), id 0xc0000005, EXCEPTION_ACCESS_VIOLATION (0xc0000005) at pc=0x00007ffbc317e869]
GC Heap History (0 events):
No events

Dll operation events (1 events):
Event: 0.046 Loaded shared library C:\Program Files\Java\jdk-22\bin\java.dll

Deoptimization events (0 events):
No events

Classes loaded (0 events):
No events

Classes unloaded (0 events):
No events

Classes redefined (0 events):
No events

Internal exceptions (0 events):
No events

ZGC Phase Switch (0 events):
No events

VM Operations (0 events):
No events

Memory protections (0 events):
No events

Nmethod flushes (0 events):
No events

Events (0 events):
No events


Dynamic libraries:
0x00007ff610d30000 - 0x00007ff610d40000 	C:\Program Files\Java\jdk-22\bin\java.exe
0x00007ffc3e490000 - 0x00007ffc3e688000 	C:\WINDOWS\SYSTEM32\ntdll.dll
0x00007ffc3d010000 - 0x00007ffc3d0d1000 	C:\WINDOWS\System32\KERNEL32.DLL
0x00007ffc3c010000 - 0x00007ffc3c30d000 	C:\WINDOWS\System32\KERNELBASE.dll
0x00007ffc3bc60000 - 0x00007ffc3bd60000 	C:\WINDOWS\System32\ucrtbase.dll
0x00007ffc13820000 - 0x00007ffc1383b000 	C:\Program Files\Java\jdk-22\bin\VCRUNTIME140.dll
0x00007ffc12fd0000 - 0x00007ffc12fe7000 	C:\Program Files\Java\jdk-22\bin\jli.dll
0x00007ffc3df20000 - 0x00007ffc3e0bd000 	C:\WINDOWS\System32\USER32.dll
0x00007ffc28520000 - 0x00007ffc287ba000 	C:\WINDOWS\WinSxS\amd64_microsoft.windows.common-controls_6595b64144ccf1df_6.0.19041.4355_none_60b8b9eb71f62e16\COMCTL32.dll
0x00007ffc3c3a0000 - 0x00007ffc3c3c2000 	C:\WINDOWS\System32\win32u.dll
0x00007ffc3e280000 - 0x00007ffc3e31e000 	C:\WINDOWS\System32\msvcrt.dll
0x00007ffc3d980000 - 0x00007ffc3d9ab000 	C:\WINDOWS\System32\GDI32.dll
0x00007ffc3bb40000 - 0x00007ffc3bc57000 	C:\WINDOWS\System32\gdi32full.dll
0x00007ffc3c420000 - 0x00007ffc3c4bd000 	C:\WINDOWS\System32\msvcp_win.dll
0x00007ffc3cbf0000 - 0x00007ffc3cc1f000 	C:\WINDOWS\System32\IMM32.DLL
0x00007ffc20ad0000 - 0x00007ffc20adc000 	C:\Program Files\Java\jdk-22\bin\vcruntime140_1.dll
0x00007ffbdbf10000 - 0x00007ffbdbf9e000 	C:\Program Files\Java\jdk-22\bin\msvcp140.dll
0x00007ffbc2a40000 - 0x00007ffbc3789000 	C:\Program Files\Java\jdk-22\bin\server\jvm.dll
0x00007ffc3e170000 - 0x00007ffc3e220000 	C:\WINDOWS\System32\ADVAPI32.dll
0x00007ffc3cc20000 - 0x00007ffc3ccc0000 	C:\WINDOWS\System32\sechost.dll
0x00007ffc3e320000 - 0x00007ffc3e443000 	C:\WINDOWS\System32\RPCRT4.dll
0x00007ffc3bfe0000 - 0x00007ffc3c007000 	C:\WINDOWS\System32\bcrypt.dll
0x00007ffc3d870000 - 0x00007ffc3d8db000 	C:\WINDOWS\System32\WS2_32.dll
0x00007ffc3b520000 - 0x00007ffc3b56b000 	C:\WINDOWS\SYSTEM32\POWRPROF.dll
0x00007ffc2ca20000 - 0x00007ffc2ca47000 	C:\WINDOWS\SYSTEM32\WINMM.dll
0x00007ffc33b20000 - 0x00007ffc33b2a000 	C:\WINDOWS\SYSTEM32\VERSION.dll
0x00007ffc3b500000 - 0x00007ffc3b512000 	C:\WINDOWS\SYSTEM32\UMPDC.dll
0x00007ffc399c0000 - 0x00007ffc399d2000 	C:\WINDOWS\SYSTEM32\kernel.appcore.dll
0x00007ffc1e1c0000 - 0x00007ffc1e1ca000 	C:\Program Files\Java\jdk-22\bin\jimage.dll
0x00007ffc2bf80000 - 0x00007ffc2c164000 	C:\WINDOWS\SYSTEM32\DBGHELP.DLL
0x00007ffc1cd60000 - 0x00007ffc1cd94000 	C:\WINDOWS\SYSTEM32\dbgcore.DLL
0x00007ffc3c310000 - 0x00007ffc3c392000 	C:\WINDOWS\System32\bcryptPrimitives.dll
0x00007ffc12290000 - 0x00007ffc122ae000 	C:\Program Files\Java\jdk-22\bin\java.dll
0x00007ffc3d100000 - 0x00007ffc3d86f000 	C:\WINDOWS\System32\SHELL32.dll
0x00007ffc3dd70000 - 0x00007ffc3de9b000 	C:\WINDOWS\System32\ole32.dll
0x00007ffc3da10000 - 0x00007ffc3dd63000 	C:\WINDOWS\System32\combase.dll

dbghelp: loaded successfully - version: 4.0.5 - missing functions: none
symbol engine: initialized successfully - sym options: 0x614 - pdb path: .;C:\Program Files\Java\jdk-22\bin;C:\WINDOWS\SYSTEM32;C:\WINDOWS\WinSxS\amd64_microsoft.windows.common-controls_6595b64144ccf1df_6.0.19041.4355_none_60b8b9eb71f62e16;C:\Program Files\Java\jdk-22\bin\server

VM Arguments:
java_command: <unknown>
java_class_path (initial): <not set>
Launcher Type: SUN_STANDARD

[Global flags]
     intx CICompilerCount                          = 3                                         {product} {ergonomic}
     uint ConcGCThreads                            = 1                                         {product} {ergonomic}
     uint G1ConcRefinementThreads                  = 4                                         {product} {ergonomic}
   size_t G1HeapRegionSize                         = 2097152                                   {product} {ergonomic}
   size_t InitialHeapSize                          = 268435456                                 {product} {ergonomic}
   size_t MarkStackSize                            = 4194304                                   {product} {ergonomic}
   size_t MaxHeapSize                              = 4271898624                                {product} {ergonomic}
   size_t MinHeapDeltaBytes                        = 2097152                                   {product} {ergonomic}
   size_t MinHeapSize                              = 8388608                                   {product} {ergonomic}
    uintx NonNMethodCodeHeapSize                   = 5832780                                {pd product} {ergonomic}
    uintx NonProfiledCodeHeapSize                  = 122912730                              {pd product} {ergonomic}
    uintx ProfiledCodeHeapSize                     = 122912730                              {pd product} {ergonomic}
    uintx ReservedCodeCacheSize                    = 251658240                              {pd product} {ergonomic}
     bool SegmentedCodeCache                       = true                                      {product} {ergonomic}
   size_t SoftMaxHeapSize                          = 4271898624                             {manageable} {ergonomic}
     bool UseCompressedOops                        = true                           {product lp64_product} {ergonomic}
     bool UseG1GC                                  = true                                      {product} {ergonomic}
     bool UseLargePagesIndividualAllocation        = false                                  {pd product} {ergonomic}

Logging:
Log output configuration:
 #0: stdout all=warning uptime,level,tags foldmultilines=false
 #1: stderr all=off uptime,level,tags foldmultilines=false

Environment Variables:
PATH=C:\Program Files\Common Files\Oracle\Java\javapath;C:\Program Files (x86)\Common Files\Oracle\Java\java8path;C:\Program Files (x86)\Common Files\Oracle\Java\javapath;C:\WINDOWS\system32;C:\WINDOWS;C:\WINDOWS\System32\Wbem;C:\WINDOWS\System32\WindowsPowerShell\v1.0\;C:\WINDOWS\System32\OpenSSH\;C:\Program Files\nodejs\;C:\Program Files\Microsoft SQL Server\Client SDK\ODBC\170\Tools\Binn\;C:\Program Files\dotnet\;C:\Program Files\Docker\Docker\resources\bin;C:\ProgramData\chocolatey\bin;C:\Program Files\Git\cmd;C:\Users\leoyuuki\AppData\Local\Programs\Python\Python312\Scripts\;C:\Users\leoyuuki\AppData\Local\Programs\Python\Python312\;C:\Users\leoyuuki\AppData\Local\Microsoft\WindowsApps;C:\Users\leoyuuki\AppData\Roaming\npm;C:\Users\leoyuuki\AppData\Local\Programs\Microsoft VS Code\bin;C:\Users\leoyuuki\.dotnet\tools;C:\Maven\apache-maven-3.9.9\bin;
USERNAME=leoyuuki
OS=Windows_NT
PROCESSOR_IDENTIFIER=Intel64 Family 6 Model 142 Stepping 9, GenuineIntel
TMP=C:\Users\leoyuuki\AppData\Local\Temp
TEMP=C:\Users\leoyuuki\AppData\Local\Temp




Periodic native trim disabled

---------------  S Y S T E M  ---------------

OS:
 Windows 10 , 64 bit Build 19041 (10.0.19041.4842)
OS uptime: 0 days 3:50 hours

CPU: total 4 (initial active 4) (2 cores per cpu, 2 threads per core) family 6 model 142 stepping 9 microcode 0xb4, cx8, cmov, fxsr, ht, mmx, 3dnowpref, sse, sse2, sse3, ssse3, sse4.1, sse4.2, popcnt, lzcnt, tsc, tscinvbit, avx, avx2, aes, erms, clmul, bmi1, bmi2, adx, fma, vzeroupper, clflush, clflushopt, rdtscp, f16c
Processor Information for all 4 processors :
  Max Mhz: 2904, Current Mhz: 2703, Mhz Limit: 2700

Memory: 4k page, system-wide physical 16293M (382M free)
TotalPageFile size 19225M (AvailPageFile size 5M)
current process WorkingSet (physical memory assigned to process): 11M, peak: 11M
current process commit charge ("private bytes"): 52M, peak: 308M

vm_info: Java HotSpot(TM) 64-Bit Server VM (22.0.2+9-70) for windows-amd64 JRE (22.0.2+9-70), built on 2024-06-04T16:52:23Z by "mach5one" with MS VC++ 17.6 (VS2022)

END.
